<<<<<<< HEAD
14:04:21 **** Incremental Build of configuration Default for project Firmware_v2 ****
make 
Build project...

make[1]: se entra en el directorio '/cygdrive/c/Santiago/Universidad/35 Taller de Proyecto I/Git_TDP1/Firmware_v2'
*** linking project Shi_Zeijer ***
   text	   data	    bss	    dec	    hex	filename
  17272	     16	    260	  17548	   448c	out/lpc4337_m4/Shi_Zeijer.axf
copy from `out/lpc4337_m4/Shi_Zeijer.axf' [elf32-littlearm] to `out/lpc4337_m4/Shi_Zeijer.bin' [binary]
*** post-build ***
make[1]: se sale del directorio '/cygdrive/c/Santiago/Universidad/35 Taller de Proyecto I/Git_TDP1/Firmware_v2'

Build complete.


14:04:23 Build Finished (took 1s.479ms)
=======
11:25:43 **** Clean-only build of configuration Default for project Firmware_v2 ****
make clean 
Clean project...

rm -f out/lpc4337_m4/obj/*.*
rm -f out/lpc4337_m4/*.*
rm -f *.launch

Clean complete.


11:25:44 Build Finished (took 1s.81ms)
>>>>>>> Desarrollo_PATERF_MEF

